CREATE DIR app/code/local/MagicToolbox
CREATE DIR app/code/local/MagicToolbox/MagicMagnifyPlus
CREATE DIR app/code/local/MagicToolbox/MagicMagnifyPlus/Block
CREATE DIR app/code/local/MagicToolbox/MagicMagnifyPlus/Block/Adminhtml
CREATE DIR app/code/local/MagicToolbox/MagicMagnifyPlus/Block/Adminhtml/Settings
CREATE DIR app/code/local/MagicToolbox/MagicMagnifyPlus/Block/Adminhtml/Settings/Edit
CREATE FILE app/code/local/MagicToolbox/MagicMagnifyPlus/Block/Adminhtml/Settings/Edit/Form.php
CREATE DIR app/code/local/MagicToolbox/MagicMagnifyPlus/Block/Adminhtml/Settings/Edit/Tab
CREATE DIR app/code/local/MagicToolbox/MagicMagnifyPlus/Block/Adminhtml/Settings/Edit/Tab/Form
CREATE DIR app/code/local/MagicToolbox/MagicMagnifyPlus/Block/Adminhtml/Settings/Edit/Tab/Form/Element
CREATE DIR app/code/local/MagicToolbox/MagicMagnifyPlus/Block/Adminhtml/Settings/Edit/Tab/Form/Element/Gallery
CREATE FILE app/code/local/MagicToolbox/MagicMagnifyPlus/Block/Adminhtml/Settings/Edit/Tab/Form/Element/Gallery/Content.php
CREATE FILE app/code/local/MagicToolbox/MagicMagnifyPlus/Block/Adminhtml/Settings/Edit/Tab/Form/Element/Gallery.php
CREATE FILE app/code/local/MagicToolbox/MagicMagnifyPlus/Block/Adminhtml/Settings/Edit/Tab/Form.php
CREATE FILE app/code/local/MagicToolbox/MagicMagnifyPlus/Block/Adminhtml/Settings/Edit/Tabs.php
CREATE FILE app/code/local/MagicToolbox/MagicMagnifyPlus/Block/Adminhtml/Settings/Edit.php
CREATE FILE app/code/local/MagicToolbox/MagicMagnifyPlus/Block/Adminhtml/Settings/Form.php
CREATE FILE app/code/local/MagicToolbox/MagicMagnifyPlus/Block/Adminhtml/Settings/Grid.php
CREATE FILE app/code/local/MagicToolbox/MagicMagnifyPlus/Block/Adminhtml/Settings.php
CREATE DIR app/code/local/MagicToolbox/MagicMagnifyPlus/Block/Html
CREATE FILE app/code/local/MagicToolbox/MagicMagnifyPlus/Block/Html/Head.php
CREATE DIR app/code/local/MagicToolbox/MagicMagnifyPlus/Block/Product
CREATE FILE app/code/local/MagicToolbox/MagicMagnifyPlus/Block/Product/New.php
CREATE DIR app/code/local/MagicToolbox/MagicMagnifyPlus/Block/Product/View
CREATE DIR app/code/local/MagicToolbox/MagicMagnifyPlus/Block/Product/View/Options
CREATE DIR app/code/local/MagicToolbox/MagicMagnifyPlus/Block/Product/View/Options/Type
CREATE FILE app/code/local/MagicToolbox/MagicMagnifyPlus/Block/Product/View/Options/Type/Select.php
CREATE DIR app/code/local/MagicToolbox/MagicMagnifyPlus/controllers
CREATE FILE app/code/local/MagicToolbox/MagicMagnifyPlus/controllers/MagicmagnifyplusController.php
CREATE DIR app/code/local/MagicToolbox/MagicMagnifyPlus/controllers/Module
CREATE FILE app/code/local/MagicToolbox/MagicMagnifyPlus/controllers/Module/GalleryController.php
CREATE DIR app/code/local/MagicToolbox/MagicMagnifyPlus/core
CREATE FILE app/code/local/MagicToolbox/MagicMagnifyPlus/core/magicmagnifyplus.module.core.class.php
CREATE FILE app/code/local/MagicToolbox/MagicMagnifyPlus/core/magicscroll.module.core.class.php
CREATE FILE app/code/local/MagicToolbox/MagicMagnifyPlus/core/magictoolbox.attributeshelper.class.php
CREATE FILE app/code/local/MagicToolbox/MagicMagnifyPlus/core/magictoolbox.params.class.php
CREATE FILE app/code/local/MagicToolbox/MagicMagnifyPlus/core/magictoolbox.templatehelper.class.php
CREATE DIR app/code/local/MagicToolbox/MagicMagnifyPlus/etc
CREATE FILE app/code/local/MagicToolbox/MagicMagnifyPlus/etc/adminhtml.xml
CREATE FILE app/code/local/MagicToolbox/MagicMagnifyPlus/etc/config.xml
CREATE DIR app/code/local/MagicToolbox/MagicMagnifyPlus/Helper
CREATE FILE app/code/local/MagicToolbox/MagicMagnifyPlus/Helper/Data.php
CREATE FILE app/code/local/MagicToolbox/MagicMagnifyPlus/Helper/Params.php
CREATE FILE app/code/local/MagicToolbox/MagicMagnifyPlus/Helper/Settings.php
CREATE DIR app/code/local/MagicToolbox/MagicMagnifyPlus/Model
CREATE DIR app/code/local/MagicToolbox/MagicMagnifyPlus/Model/Mysql4
CREATE DIR app/code/local/MagicToolbox/MagicMagnifyPlus/Model/Mysql4/Settings
CREATE FILE app/code/local/MagicToolbox/MagicMagnifyPlus/Model/Mysql4/Settings/Collection.php
CREATE FILE app/code/local/MagicToolbox/MagicMagnifyPlus/Model/Mysql4/Settings.php
CREATE FILE app/code/local/MagicToolbox/MagicMagnifyPlus/Model/Observer.php
CREATE FILE app/code/local/MagicToolbox/MagicMagnifyPlus/Model/Settings.php
CREATE DIR app/code/local/MagicToolbox/MagicMagnifyPlus/sql
CREATE DIR app/code/local/MagicToolbox/MagicMagnifyPlus/sql/magicmagnifyplus_setup
CREATE FILE app/code/local/MagicToolbox/MagicMagnifyPlus/sql/magicmagnifyplus_setup/mysql4-install-4.6.3.php
CREATE FILE app/design/adminhtml/default/default/layout/magicmagnifyplus.xml
CREATE DIR app/design/adminhtml/default/default/template/magicmagnifyplus
CREATE FILE app/design/adminhtml/default/default/template/magicmagnifyplus/settings.phtml
CREATE FILE app/design/frontend/base/default/layout/magicmagnifyplus.xml
CREATE DIR app/design/frontend/base/default/template/magicmagnifyplus
CREATE FILE app/design/frontend/base/default/template/magicmagnifyplus/header.phtml
CREATE FILE app/design/frontend/base/default/template/magicmagnifyplus/list.phtml
CREATE FILE app/design/frontend/base/default/template/magicmagnifyplus/magictoolbox_list.phtml
CREATE FILE app/design/frontend/base/default/template/magicmagnifyplus/media.phtml
CREATE FILE app/design/frontend/base/default/template/magicmagnifyplus/new.phtml
CREATE FILE app/design/frontend/base/default/template/magicmagnifyplus/product_viewed.phtml
CREATE DIR app/design/frontend/base/default/template/magicmagnifyplus/templates
CREATE FILE app/design/frontend/base/default/template/magicmagnifyplus/templates/bottom.tpl.php
CREATE FILE app/design/frontend/base/default/template/magicmagnifyplus/templates/left.tpl.php
CREATE FILE app/design/frontend/base/default/template/magicmagnifyplus/templates/original.tpl.php
CREATE FILE app/design/frontend/base/default/template/magicmagnifyplus/templates/right.tpl.php
CREATE FILE app/design/frontend/base/default/template/magicmagnifyplus/templates/top.tpl.php
CREATE DIR js/magicmagnifyplus
CREATE FILE js/magicmagnifyplus/iehover-fix.js
CREATE FILE js/magicmagnifyplus/menu.js
CREATE DIR skin/adminhtml/default/default/magicmagnifyplus
CREATE FILE skin/adminhtml/default/default/magicmagnifyplus/magicscroll.png
CREATE FILE skin/adminhtml/default/default/magicmagnifyplus/options.js
CREATE FILE skin/adminhtml/default/default/magicmagnifyplus/style.css
CREATE DIR skin/frontend/base/default/css/graphics
CREATE FILE skin/frontend/base/default/css/graphics/arrows-big.png
CREATE FILE skin/frontend/base/default/css/graphics/arrows-padding.png
CREATE FILE skin/frontend/base/default/css/graphics/arrows-small.png
CREATE FILE skin/frontend/base/default/css/graphics/arrows.png
CREATE FILE skin/frontend/base/default/css/graphics/buttons1-big.png
CREATE FILE skin/frontend/base/default/css/graphics/buttons1-small.png
CREATE FILE skin/frontend/base/default/css/graphics/buttons1.png
CREATE FILE skin/frontend/base/default/css/graphics/buttons2-big.png
CREATE FILE skin/frontend/base/default/css/graphics/buttons2-small.png
CREATE FILE skin/frontend/base/default/css/graphics/buttons2.png
CREATE FILE skin/frontend/base/default/css/graphics/buttons3-big.png
CREATE FILE skin/frontend/base/default/css/graphics/buttons3-small.png
CREATE FILE skin/frontend/base/default/css/graphics/buttons3.png
CREATE FILE skin/frontend/base/default/css/graphics/buttons4-big.png
CREATE FILE skin/frontend/base/default/css/graphics/buttons4-small.png
CREATE FILE skin/frontend/base/default/css/graphics/buttons4.png
CREATE FILE skin/frontend/base/default/css/graphics/buttons5-big.png
CREATE FILE skin/frontend/base/default/css/graphics/buttons5-small.png
CREATE FILE skin/frontend/base/default/css/graphics/buttons5.png
CREATE FILE skin/frontend/base/default/css/graphics/buttons6-big.png
CREATE FILE skin/frontend/base/default/css/graphics/buttons6-small.png
CREATE FILE skin/frontend/base/default/css/graphics/buttons6.png
CREATE FILE skin/frontend/base/default/css/graphics/buttons7-big.png
CREATE FILE skin/frontend/base/default/css/graphics/buttons7-small.png
CREATE FILE skin/frontend/base/default/css/graphics/buttons7.png
CREATE FILE skin/frontend/base/default/css/graphics/loader.gif
CREATE FILE skin/frontend/base/default/css/graphics/zoomin.cur
CREATE FILE skin/frontend/base/default/css/graphics/zoomout.cur
CREATE FILE skin/frontend/base/default/css/loader.gif
CREATE FILE skin/frontend/base/default/css/magicmagnifyplus.css
CREATE FILE skin/frontend/base/default/css/magicscroll.css
CREATE FILE skin/frontend/base/default/js/loader.gif
CREATE FILE skin/frontend/base/default/js/magicmagnifyplus.js
CREATE FILE skin/frontend/base/default/js/magicmagnifyplus.swf
CREATE FILE skin/frontend/base/default/js/magicscroll.js
CREATE FILE skin/frontend/base/default/js/magictoolbox_utils.js
CREATE FILE app/etc/modules/MagicToolbox_MagicMagnifyPlus.xml
